23:30:39.688  236  DEBUG fr.sparna.rdf.xls2rdf.app.Convert - Will use output format : text/turtle
23:30:39.691  239  DEBUG fr.sparna.rdf.xls2rdf.app.Convert - Will use ModelWriter : fr.sparna.rdf.xls2rdf.OutputStreamModelWriter
23:30:40.208  756  DEBUG f.s.rdf.xls2rdf.Xls2RdfConverter - Processing sheet: controlled-terminology
23:30:40.212  760  INFO  f.sparna.rdf.xls2rdf.RdfizableSheet - Found proper property in header : https://purl.org/exampleorg/examplevocab/
23:30:40.213  761  INFO  f.sparna.rdf.xls2rdf.RdfizableSheet - Found proper property in header : http://www.w3.org/2004/02/skos/core#
23:30:40.217  765  INFO  f.sparna.rdf.xls2rdf.RdfizableSheet - Found proper property in header : http://purl.org/pav/
23:30:40.217  765  INFO  f.sparna.rdf.xls2rdf.RdfizableSheet - Found proper property in header : http://purl.org/dc/terms/
23:30:40.218  766  INFO  f.sparna.rdf.xls2rdf.RdfizableSheet - Found proper property in header : http://xmlns.com/foaf/0.1/
23:30:40.220  768  INFO  f.sparna.rdf.xls2rdf.RdfizableSheet - Found proper property in header : https://github.com/fair-data-collective/excel2rdf-template
23:30:40.220  768  INFO  f.sparna.rdf.xls2rdf.RdfizableSheet - Found proper property in header : https://orcid.org/0000-0001-6875-5360
23:30:40.221  769  INFO  f.sparna.rdf.xls2rdf.RdfizableSheet - Found proper property in header : https://orcid.org/0000-0003-2195-3997
23:30:40.221  769  INFO  f.sparna.rdf.xls2rdf.RdfizableSheet - Found proper property in header : https://orcid.org/0000-0002-9381-9693
23:30:40.221  769  INFO  f.sparna.rdf.xls2rdf.RdfizableSheet - Found proper property in header : https://orcid.org/0000-0001-8888-635X
23:30:40.222  770  INFO  f.sparna.rdf.xls2rdf.RdfizableSheet - Found proper property in header : https://spdx.org/licenses/CC0-1.0
23:30:40.223  771  ERROR f.s.rdf.xls2rdf.ColumnHeaderParser - Unsuccessfull parsing of header parameters for header 'License under which the vocabulary is provided (default is CC0v1.0)', Exception is java.lang.ArrayIndexOutOfBoundsException : Index 1 out of bounds for length 1
23:30:40.224  772  ERROR f.s.rdf.xls2rdf.ColumnHeaderParser - Unsuccessfull parsing of header parameters for header 'Date when vocabulary was last updated. Can also use pav:updated. To automatically update when a Google sheet vocabulary is updated, the equation  "=TO_TEXT(SUBSTITUTE(SUBSTITUTE(NOW(); "."; "-");" ";"T")&"+00:00")" may be used In Excel, use =TEXT(NOW(),"yyyy-mm-ddThh:MM:ss").  (may not be compatible with every country, and may also updtate when someone is just reading the vocabulary.)', Exception is java.lang.ArrayIndexOutOfBoundsException : Index 1 out of bounds for length 1
23:30:40.227  775  INFO  f.sparna.rdf.xls2rdf.RdfizableSheet - Found proper property in header : http://www.w3.org/2004/02/skos/core#prefLabel
23:30:40.228  776  INFO  f.sparna.rdf.xls2rdf.RdfizableSheet - Found proper property in header : http://www.w3.org/2004/02/skos/core#definition
23:30:40.228  776  INFO  f.sparna.rdf.xls2rdf.RdfizableSheet - Found proper property in header : http://www.w3.org/2004/02/skos/core#altLabel
23:30:40.228  776  INFO  f.sparna.rdf.xls2rdf.RdfizableSheet - Found proper property in header : http://www.w3.org/2004/02/skos/core#broader
23:30:40.228  776  INFO  f.sparna.rdf.xls2rdf.RdfizableSheet - Found proper property in header : http://www.w3.org/2004/02/skos/core#exactMatch
23:30:40.228  776  INFO  f.sparna.rdf.xls2rdf.RdfizableSheet - Found proper property in header : http://www.w3.org/2004/02/skos/core#closeMatch
23:30:40.228  776  INFO  f.sparna.rdf.xls2rdf.RdfizableSheet - Found proper property in header : http://www.w3.org/2004/02/skos/core#broadMatch
23:30:40.229  777  INFO  f.sparna.rdf.xls2rdf.RdfizableSheet - Found proper property in header : http://www.w3.org/2004/02/skos/core#broaderTransitive
23:30:40.229  777  INFO  f.sparna.rdf.xls2rdf.RdfizableSheet - Found proper property in header : http://www.w3.org/2002/07/owl#deprecated
23:30:40.229  777  INFO  f.sparna.rdf.xls2rdf.RdfizableSheet - Found at least 2 headers with proper property declaration in the first 10 columns, title row is at index 29
23:30:40.230  778  DEBUG f.s.rdf.xls2rdf.Xls2RdfConverter - Found title row at index 29
23:30:40.231  779  DEBUG f.s.rdf.xls2rdf.Xls2RdfConverter - Adding value on header object "Example template for building SKOS vocabularies" with lang en
23:30:40.233  781  DEBUG f.s.rdf.xls2rdf.Xls2RdfConverter - Adding value on header object "Example template for building SKOS vocabularies" with lang en
23:30:40.234  782  DEBUG f.s.rdf.xls2rdf.Xls2RdfConverter - Adding value on header object "This is a template for building a SKOS-based controlled vocabulary. It is used as base of the worflow described in excel2rdf.readthedocs.io/" with lang en
23:30:40.234  782  DEBUG f.s.rdf.xls2rdf.Xls2RdfConverter - Adding value on header object "https://github.com/fair-data-collective/excel2rdf-template" with lang en
23:30:40.235  783  DEBUG f.s.rdf.xls2rdf.Xls2RdfConverter - Adding value on header object "https://orcid.org/0000-0001-6875-5360" with lang en
23:30:40.235  783  DEBUG f.s.rdf.xls2rdf.Xls2RdfConverter - Adding value on header object "https://orcid.org/0000-0003-2195-3997" with lang en
23:30:40.235  783  DEBUG f.s.rdf.xls2rdf.Xls2RdfConverter - Adding value on header object "https://orcid.org/0000-0002-9381-9693" with lang en
23:30:40.235  783  DEBUG f.s.rdf.xls2rdf.Xls2RdfConverter - Adding value on header object "https://orcid.org/0000-0001-8888-635X" with lang en
23:30:40.235  783  DEBUG f.s.rdf.xls2rdf.Xls2RdfConverter - Adding value on header object "https://spdx.org/licenses/CC0-1.0" with lang en
23:30:40.236  784  DEBUG f.s.rdf.xls2rdf.Xls2RdfConverter - Adding value on header object "0.4.0" with lang en
23:30:40.236  784  DEBUG f.s.rdf.xls2rdf.Xls2RdfConverter - Adding value on header object "2022-06-01T00:00:00+00:00" with lang en
23:30:40.236  784  DEBUG f.s.rdf.xls2rdf.Xls2RdfConverter - Adding value on header object "2022-09-08T00:47:46+00:00" with lang en
23:30:40.237  785  ERROR f.s.rdf.xls2rdf.ColumnHeaderParser - Unsuccessfull parsing of header parameters for header 'Replace cells B1, B2 and C2, and B5 through B12; B11 and B12 should be updated with every modification). (As well as these comments, if desired.)', Exception is java.lang.ArrayIndexOutOfBoundsException : Index 1 out of bounds for length 1
23:30:40.237  785  ERROR f.s.rdf.xls2rdf.ColumnHeaderParser - Unsuccessfull parsing of header parameters for header 'To use opaque identifiers (considered a best semantic process by many), change the calculation in column A to generate random numbers for the final fragment. (Warrning: This makes the terms hard to use for inexperienced users.)', Exception is java.lang.ArrayIndexOutOfBoundsException : Index 1 out of bounds for length 1
23:30:40.237  785  DEBUG f.s.rdf.xls2rdf.Xls2RdfConverter - Converting data with these column headers: 
23:30:40.238  786  DEBUG f.s.rdf.xls2rdf.Xls2RdfConverter - ColumnHeader [originalValue=Identifier, language=Optional.empty, datatype=Optional.empty, property=null, declaredProperty=Identifier, inverse=false, parameters={}, id=null, reconcileOn=null, headerCell=Identifier]
23:30:40.238  786  DEBUG f.s.rdf.xls2rdf.Xls2RdfConverter - ColumnHeader [originalValue=skos:prefLabel@en, language=Optional[en], datatype=Optional.empty, property=http://www.w3.org/2004/02/skos/core#prefLabel, declaredProperty=skos:prefLabel, inverse=false, parameters={}, id=null, reconcileOn=null, headerCell=skos:prefLabel@en]
23:30:40.238  786  DEBUG f.s.rdf.xls2rdf.Xls2RdfConverter - ColumnHeader [originalValue=skos:definition@en, language=Optional[en], datatype=Optional.empty, property=http://www.w3.org/2004/02/skos/core#definition, declaredProperty=skos:definition, inverse=false, parameters={}, id=null, reconcileOn=null, headerCell=skos:definition@en]
23:30:40.238  786  DEBUG f.s.rdf.xls2rdf.Xls2RdfConverter - ColumnHeader [originalValue=skos:altLabel(separator=","), language=Optional.empty, datatype=Optional.empty, property=http://www.w3.org/2004/02/skos/core#altLabel, declaredProperty=skos:altLabel, inverse=false, parameters={separator=,}, id=null, reconcileOn=null, headerCell=skos:altLabel(separator=",")]
23:30:40.238  786  DEBUG f.s.rdf.xls2rdf.Xls2RdfConverter - ColumnHeader [originalValue=skos:broader(separator=","), language=Optional.empty, datatype=Optional.empty, property=http://www.w3.org/2004/02/skos/core#broader, declaredProperty=skos:broader, inverse=false, parameters={separator=,}, id=null, reconcileOn=null, headerCell=skos:broader(separator=",")]
23:30:40.238  786  DEBUG f.s.rdf.xls2rdf.Xls2RdfConverter - ColumnHeader [originalValue=skos:exactMatch(separator=","), language=Optional.empty, datatype=Optional.empty, property=http://www.w3.org/2004/02/skos/core#exactMatch, declaredProperty=skos:exactMatch, inverse=false, parameters={separator=,}, id=null, reconcileOn=null, headerCell=skos:exactMatch(separator=",")]
23:30:40.238  786  DEBUG f.s.rdf.xls2rdf.Xls2RdfConverter - ColumnHeader [originalValue=skos:closeMatch(separator=","), language=Optional.empty, datatype=Optional.empty, property=http://www.w3.org/2004/02/skos/core#closeMatch, declaredProperty=skos:closeMatch, inverse=false, parameters={separator=,}, id=null, reconcileOn=null, headerCell=skos:closeMatch(separator=",")]
23:30:40.238  786  DEBUG f.s.rdf.xls2rdf.Xls2RdfConverter - ColumnHeader [originalValue=skos:broadMatch(separator=","), language=Optional.empty, datatype=Optional.empty, property=http://www.w3.org/2004/02/skos/core#broadMatch, declaredProperty=skos:broadMatch, inverse=false, parameters={separator=,}, id=null, reconcileOn=null, headerCell=skos:broadMatch(separator=",")]
23:30:40.238  786  DEBUG f.s.rdf.xls2rdf.Xls2RdfConverter - ColumnHeader [originalValue=skos:broaderTransitive, language=Optional.empty, datatype=Optional.empty, property=http://www.w3.org/2004/02/skos/core#broaderTransitive, declaredProperty=skos:broaderTransitive, inverse=false, parameters={}, id=null, reconcileOn=null, headerCell=skos:broaderTransitive]
23:30:40.239  787  DEBUG f.s.rdf.xls2rdf.Xls2RdfConverter - ColumnHeader [originalValue=owl:deprecated^^xsd:boolean, language=Optional.empty, datatype=Optional[http://www.w3.org/2001/XMLSchema#boolean], property=http://www.w3.org/2002/07/owl#deprecated, declaredProperty=owl:deprecated, inverse=false, parameters={}, id=null, reconcileOn=null, headerCell=owl:deprecated^^xsd:boolean]
23:30:40.239  787  DEBUG f.s.rdf.xls2rdf.Xls2RdfConverter - ColumnHeader [originalValue=dct:creator(separator=","), language=Optional.empty, datatype=Optional.empty, property=http://purl.org/dc/terms/creator, declaredProperty=dct:creator, inverse=false, parameters={separator=,}, id=null, reconcileOn=null, headerCell=dct:creator(separator=",")]
23:30:40.239  787  DEBUG f.s.rdf.xls2rdf.Xls2RdfConverter - ColumnHeader [originalValue=dct:contributor(separator=","), language=Optional.empty, datatype=Optional.empty, property=http://purl.org/dc/terms/contributor, declaredProperty=dct:contributor, inverse=false, parameters={separator=,}, id=null, reconcileOn=null, headerCell=dct:contributor(separator=",")]
23:30:40.239  787  DEBUG f.s.rdf.xls2rdf.Xls2RdfConverter - ColumnHeader [originalValue=skos:editorialNote@en, language=Optional[en], datatype=Optional.empty, property=http://www.w3.org/2004/02/skos/core#editorialNote, declaredProperty=skos:editorialNote, inverse=false, parameters={}, id=null, reconcileOn=null, headerCell=skos:editorialNote@en]
23:30:40.239  787  DEBUG f.s.rdf.xls2rdf.Xls2RdfConverter - ColumnHeader [originalValue=dct:created^^xsd:date, language=Optional.empty, datatype=Optional[http://www.w3.org/2001/XMLSchema#date], property=http://purl.org/dc/terms/created, declaredProperty=dct:created, inverse=false, parameters={}, id=null, reconcileOn=null, headerCell=dct:created^^xsd:date]
23:30:40.239  787  DEBUG f.s.rdf.xls2rdf.Xls2RdfConverter - ColumnHeader [originalValue=dct:modified^^xsd:date, language=Optional.empty, datatype=Optional[http://www.w3.org/2001/XMLSchema#date], property=http://purl.org/dc/terms/modified, declaredProperty=dct:modified, inverse=false, parameters={}, id=null, reconcileOn=null, headerCell=dct:modified^^xsd:date]
23:30:40.239  787  DEBUG f.s.rdf.xls2rdf.Xls2RdfConverter - ColumnHeader [originalValue=dct:source(separator=","), language=Optional.empty, datatype=Optional.empty, property=http://purl.org/dc/terms/source, declaredProperty=dct:source, inverse=false, parameters={separator=,}, id=null, reconcileOn=null, headerCell=dct:source(separator=",")]
23:30:40.239  787  INFO  f.s.rdf.xls2rdf.Xls2RdfConverter - Converting rows...
23:30:40.250  798  INFO  f.s.rdf.xls2rdf.Xls2RdfConverter - Applying SKOS post-processings on the result
23:30:40.251  799  DEBUG f.s.rdf.xls2rdf.SkosPostProcessor - Postprocessing : SkosPostProcessor
23:30:40.251  799  DEBUG f.s.rdf.xls2rdf.SkosPostProcessor - Considering main resource like a ConceptScheme.
23:30:40.253  801  DEBUG f.s.rdf.xls2rdf.SkosPostProcessor - Adding inverse skos:broader and skos:narrower
23:30:40.254  802  WARN  f.s.rdf.xls2rdf.SkosPostProcessor - Found a skos:broader with Literal value : 'temp-vocab:TopConceptOne'
23:30:40.254  802  WARN  f.s.rdf.xls2rdf.SkosPostProcessor - Found a skos:broader with Literal value : 'temp-vocab:TopConceptOne'
23:30:40.254  802  WARN  f.s.rdf.xls2rdf.SkosPostProcessor - Found a skos:broader with Literal value : 'temp-vocab:TopConceptTwo'
23:30:40.254  802  WARN  f.s.rdf.xls2rdf.SkosPostProcessor - Found a skos:broader with Literal value : 'temp-vocab:TopConceptTwo'
23:30:40.255  803  DEBUG f.s.rdf.xls2rdf.SkosPostProcessor - Adding skos:inScheme
23:30:40.257  805  DEBUG f.s.rdf.xls2rdf.SkosPostProcessor - Setting rdf:type skos:ConceptScheme to main resource
23:30:40.257  805  DEBUG f.s.rdf.xls2rdf.SkosPostProcessor - Adding skos:hasTopConcept / skos:topConceptOf
23:30:40.258  806  DEBUG f.s.rdf.xls2rdf.Xls2RdfConverter - Saving graph of 59 statements generated from Sheet controlled-terminology
